<?xml version="1.0" encoding="UTF-8"?>
<testng-results ignored="0" total="20" passed="20" failed="0" skipped="0">
  <reporter-output>
  </reporter-output>
  <suite started-at="2021-04-01T12:04:27 EDT" name="Default suite" finished-at="2021-04-01T12:06:53 EDT" duration-ms="146211">
    <groups>
    </groups>
    <test started-at="2021-04-01T12:04:27 EDT" name="Default test" finished-at="2021-04-01T12:06:53 EDT" duration-ms="146211">
      <class name="junitex.hospital_management">
        <test-method is-config="true" signature="initiateDriver()[pri:0, instance:junitex.hospital_management@fd07cbb]" started-at="2021-04-01T12:04:27 EDT" name="initiateDriver" finished-at="2021-04-01T12:04:37 EDT" duration-ms="10258" status="PASS">
          <reporter-output>
          </reporter-output>
        </test-method> <!-- initiateDriver -->
        <test-method signature="validateLogin()[pri:1, instance:junitex.hospital_management@fd07cbb]" started-at="2021-04-01T12:04:37 EDT" name="validateLogin" finished-at="2021-04-01T12:04:43 EDT" duration-ms="5612" status="PASS">
          <reporter-output>
          </reporter-output>
        </test-method> <!-- validateLogin -->
        <test-method signature="validateHomePageElements()[pri:2, instance:junitex.hospital_management@fd07cbb]" started-at="2021-04-01T12:04:43 EDT" name="validateHomePageElements" finished-at="2021-04-01T12:04:49 EDT" duration-ms="6334" status="PASS">
          <reporter-output>
          </reporter-output>
        </test-method> <!-- validateHomePageElements -->
        <test-method signature="validatepatientPageElements()[pri:3, instance:junitex.hospital_management@fd07cbb]" started-at="2021-04-01T12:04:49 EDT" name="validatepatientPageElements" finished-at="2021-04-01T12:04:56 EDT" duration-ms="6267" status="PASS">
          <reporter-output>
          </reporter-output>
        </test-method> <!-- validatepatientPageElements -->
        <test-method signature="validatedoctorPageElements()[pri:4, instance:junitex.hospital_management@fd07cbb]" started-at="2021-04-01T12:04:56 EDT" name="validatedoctorPageElements" finished-at="2021-04-01T12:05:02 EDT" duration-ms="6224" status="PASS">
          <reporter-output>
          </reporter-output>
        </test-method> <!-- validatedoctorPageElements -->
        <test-method signature="validatelabPageElements()[pri:5, instance:junitex.hospital_management@fd07cbb]" started-at="2021-04-01T12:05:02 EDT" name="validatelabPageElements" finished-at="2021-04-01T12:05:08 EDT" duration-ms="6307" status="PASS">
          <reporter-output>
          </reporter-output>
        </test-method> <!-- validatelabPageElements -->
        <test-method signature="validateRoomPageElements()[pri:6, instance:junitex.hospital_management@fd07cbb]" started-at="2021-04-01T12:05:08 EDT" name="validateRoomPageElements" finished-at="2021-04-01T12:05:14 EDT" duration-ms="6296" status="PASS">
          <reporter-output>
          </reporter-output>
        </test-method> <!-- validateRoomPageElements -->
        <test-method signature="validatepharmacyPageElements()[pri:7, instance:junitex.hospital_management@fd07cbb]" started-at="2021-04-01T12:05:14 EDT" name="validatepharmacyPageElements" finished-at="2021-04-01T12:05:21 EDT" duration-ms="6270" status="PASS">
          <reporter-output>
          </reporter-output>
        </test-method> <!-- validatepharmacyPageElements -->
        <test-method signature="validatecontactUsPageElements()[pri:8, instance:junitex.hospital_management@fd07cbb]" started-at="2021-04-01T12:05:21 EDT" name="validatecontactUsPageElements" finished-at="2021-04-01T12:05:27 EDT" duration-ms="6149" status="PASS">
          <reporter-output>
          </reporter-output>
        </test-method> <!-- validatecontactUsPageElements -->
        <test-method signature="validatepatientNavigationfromHomepage()[pri:9, instance:junitex.hospital_management@fd07cbb]" started-at="2021-04-01T12:05:27 EDT" name="validatepatientNavigationfromHomepage" finished-at="2021-04-01T12:05:34 EDT" duration-ms="7298" status="PASS">
          <reporter-output>
          </reporter-output>
        </test-method> <!-- validatepatientNavigationfromHomepage -->
        <test-method signature="validateNewpatientPageNavigation()[pri:10, instance:junitex.hospital_management@fd07cbb]" started-at="2021-04-01T12:05:34 EDT" name="validateNewpatientPageNavigation" finished-at="2021-04-01T12:05:41 EDT" duration-ms="7267" status="PASS">
          <reporter-output>
          </reporter-output>
        </test-method> <!-- validateNewpatientPageNavigation -->
        <test-method signature="VerifyAddNewPatientFunctionality()[pri:11, instance:junitex.hospital_management@fd07cbb]" started-at="2021-04-01T12:05:41 EDT" name="VerifyAddNewPatientFunctionality" finished-at="2021-04-01T12:05:49 EDT" duration-ms="7870" status="PASS">
          <reporter-output>
          </reporter-output>
        </test-method> <!-- VerifyAddNewPatientFunctionality -->
        <test-method signature="ValidateCancelButtonFunctionalityinAddnewpatientpage()[pri:12, instance:junitex.hospital_management@fd07cbb]" started-at="2021-04-01T12:05:49 EDT" name="ValidateCancelButtonFunctionalityinAddnewpatientpage" finished-at="2021-04-01T12:05:57 EDT" duration-ms="7474" status="PASS">
          <reporter-output>
          </reporter-output>
        </test-method> <!-- ValidateCancelButtonFunctionalityinAddnewpatientpage -->
        <test-method signature="ValidateStatusinDoctorHomepage()[pri:13, instance:junitex.hospital_management@fd07cbb]" started-at="2021-04-01T12:05:57 EDT" name="ValidateStatusinDoctorHomepage" finished-at="2021-04-01T12:06:03 EDT" duration-ms="6147" status="PASS">
          <reporter-output>
          </reporter-output>
        </test-method> <!-- ValidateStatusinDoctorHomepage -->
        <test-method signature="ValidateShowdetailsButtonFunctionalityINDoctorsHomepage()[pri:14, instance:junitex.hospital_management@fd07cbb]" started-at="2021-04-01T12:06:03 EDT" name="ValidateShowdetailsButtonFunctionalityINDoctorsHomepage" finished-at="2021-04-01T12:06:10 EDT" duration-ms="7247" status="PASS">
          <reporter-output>
          </reporter-output>
        </test-method> <!-- ValidateShowdetailsButtonFunctionalityINDoctorsHomepage -->
        <test-method signature="ValidatethepresenceofdeleteButtoninpatientpage()[pri:15, instance:junitex.hospital_management@fd07cbb]" started-at="2021-04-01T12:06:10 EDT" name="ValidatethepresenceofdeleteButtoninpatientpage" finished-at="2021-04-01T12:06:16 EDT" duration-ms="6097" status="PASS">
          <reporter-output>
          </reporter-output>
        </test-method> <!-- ValidatethepresenceofdeleteButtoninpatientpage -->
        <test-method signature="ValidateDoctorDetailPageelement()[pri:16, instance:junitex.hospital_management@fd07cbb]" started-at="2021-04-01T12:06:16 EDT" name="ValidateDoctorDetailPageelement" finished-at="2021-04-01T12:06:24 EDT" duration-ms="7298" status="PASS">
          <reporter-output>
          </reporter-output>
        </test-method> <!-- ValidateDoctorDetailPageelement -->
        <test-method signature="ValidateShowdetailsButtonFunctionalityInLabHomepage()[pri:17, instance:junitex.hospital_management@fd07cbb]" started-at="2021-04-01T12:06:24 EDT" name="ValidateShowdetailsButtonFunctionalityInLabHomepage" finished-at="2021-04-01T12:06:31 EDT" duration-ms="7223" status="PASS">
          <reporter-output>
          </reporter-output>
        </test-method> <!-- ValidateShowdetailsButtonFunctionalityInLabHomepage -->
        <test-method signature="ValidateShowdetailsButtonFunctionalityInPharmacyHomepage()[pri:18, instance:junitex.hospital_management@fd07cbb]" started-at="2021-04-01T12:06:31 EDT" name="ValidateShowdetailsButtonFunctionalityInPharmacyHomepage" finished-at="2021-04-01T12:06:38 EDT" duration-ms="7227" status="PASS">
          <reporter-output>
          </reporter-output>
        </test-method> <!-- ValidateShowdetailsButtonFunctionalityInPharmacyHomepage -->
        <test-method signature="ValidatecancelButtonincontactuspage()[pri:19, instance:junitex.hospital_management@fd07cbb]" started-at="2021-04-01T12:06:38 EDT" name="ValidatecancelButtonincontactuspage" finished-at="2021-04-01T12:06:45 EDT" duration-ms="7226" status="PASS">
          <reporter-output>
          </reporter-output>
        </test-method> <!-- ValidatecancelButtonincontactuspage -->
        <test-method signature="ValidateSignoutFunctionality()[pri:20, instance:junitex.hospital_management@fd07cbb]" started-at="2021-04-01T12:06:45 EDT" name="ValidateSignoutFunctionality" finished-at="2021-04-01T12:06:52 EDT" duration-ms="7255" status="PASS">
          <reporter-output>
          </reporter-output>
        </test-method> <!-- ValidateSignoutFunctionality -->
        <test-method is-config="true" signature="quitdriver()[pri:0, instance:junitex.hospital_management@fd07cbb]" started-at="2021-04-01T12:06:52 EDT" name="quitdriver" finished-at="2021-04-01T12:06:53 EDT" duration-ms="802" status="PASS">
          <reporter-output>
          </reporter-output>
        </test-method> <!-- quitdriver -->
      </class> <!-- junitex.hospital_management -->
    </test> <!-- Default test -->
  </suite> <!-- Default suite -->
</testng-results>
