<?xml version="1.0" encoding="UTF-8"?>
<!-- Generated by org.testng.reporters.JUnitXMLReporter -->
<testsuite ignored="0" hostname="LAPTOP-LV1689UH" failures="0" tests="20" name="Default test" time="146.211" errors="0" timestamp="2021-04-01T12:06:53 EDT">
  <testcase classname="junitex.hospital_management" name="validateLogin" time="5.612"/>
  <testcase classname="junitex.hospital_management" name="validateHomePageElements" time="6.334"/>
  <testcase classname="junitex.hospital_management" name="validatepatientPageElements" time="6.267"/>
  <testcase classname="junitex.hospital_management" name="validatedoctorPageElements" time="6.224"/>
  <testcase classname="junitex.hospital_management" name="validatelabPageElements" time="6.307"/>
  <testcase classname="junitex.hospital_management" name="validateRoomPageElements" time="6.296"/>
  <testcase classname="junitex.hospital_management" name="validatepharmacyPageElements" time="6.27"/>
  <testcase classname="junitex.hospital_management" name="validatecontactUsPageElements" time="6.149"/>
  <testcase classname="junitex.hospital_management" name="validatepatientNavigationfromHomepage" time="7.298"/>
  <testcase classname="junitex.hospital_management" name="validateNewpatientPageNavigation" time="7.267"/>
  <testcase classname="junitex.hospital_management" name="VerifyAddNewPatientFunctionality" time="7.87"/>
  <testcase classname="junitex.hospital_management" name="ValidateCancelButtonFunctionalityinAddnewpatientpage" time="7.474"/>
  <testcase classname="junitex.hospital_management" name="ValidateStatusinDoctorHomepage" time="6.147"/>
  <testcase classname="junitex.hospital_management" name="ValidateShowdetailsButtonFunctionalityINDoctorsHomepage" time="7.247"/>
  <testcase classname="junitex.hospital_management" name="ValidatethepresenceofdeleteButtoninpatientpage" time="6.097"/>
  <testcase classname="junitex.hospital_management" name="ValidateDoctorDetailPageelement" time="7.298"/>
  <testcase classname="junitex.hospital_management" name="ValidateShowdetailsButtonFunctionalityInLabHomepage" time="7.223"/>
  <testcase classname="junitex.hospital_management" name="ValidateShowdetailsButtonFunctionalityInPharmacyHomepage" time="7.227"/>
  <testcase classname="junitex.hospital_management" name="ValidatecancelButtonincontactuspage" time="7.226"/>
  <testcase classname="junitex.hospital_management" name="ValidateSignoutFunctionality" time="7.255"/>
</testsuite> <!-- Default test -->
